<?xml version="1.0" encoding="UTF-8"?>
<!-- Generated by org.testng.reporters.JUnitXMLReporter -->
<testsuite hostname="NOT-TIS-CON06" ignored="1" name="Default test" tests="1" failures="0" timestamp="27 set 2019 14:08:37 GMT" time="340.163" errors="0">
  <testcase name="TestDownloadInvoice" time="312.257" classname="com.alphasense.Testautomation.tests.Test_PageMyAccountOrderShipClothes"/>
  <testcase name="TestShippingClothes" time="0.0" classname="com.alphasense.Testautomation.tests.Test_PageMyAccountOrderShipClothes">
    <ignored/>
  </testcase> <!-- TestShippingClothes -->
</testsuite> <!-- Default test -->
