<?xml version="1.0" encoding="UTF-8"?>
<!-- Generated by org.testng.reporters.JUnitXMLReporter -->
<testsuite hostname="NOT-TIS-CON06" ignored="0" name="Tests" tests="1" failures="0" timestamp="23 set 2019 23:02:18 GMT" time="0.929" errors="0">
  <testcase name="@BeforeMethod beforeMethod" time="0.657" classname="com.alphasense.Testautomation.tests.Test_PageLogin">
    <failure type="java.io.FileNotFoundException" message="C:\Users\carlos.almeida\Documents\SIGT\Automation\NewVentures\Alphasense\Testautomation\TestData\testData.xlsx (O sistema não conseguiu localizar o caminho especificado)">
      <![CDATA[java.io.FileNotFoundException: C:\Users\carlos.almeida\Documents\SIGT\Automation\NewVentures\Alphasense\Testautomation\TestData\testData.xlsx (O sistema não conseguiu localizar o caminho especificado)
at java.io.FileInputStream.open0(Native Method)
at java.io.FileInputStream.open(Unknown Source)
at java.io.FileInputStream.<init>(Unknown Source)
at java.io.FileInputStream.<init>(Unknown Source)
at com.alphasense.Testautomation.utility.ExcelUtils.setExcelFile(ExcelUtils.java:21)
at com.alphasense.Testautomation.tests.Test_PageLogin.beforeMethod(Test_PageLogin.java:30)
... Removed 28 stack frames]]>
    </failure>
  </testcase> <!-- @BeforeMethod beforeMethod -->
  <testcase name="@AfterMethod afterMethod" time="0.0" classname="com.alphasense.Testautomation.tests.Test_PageLogin">
    <skipped/>
  </testcase> <!-- @AfterMethod afterMethod -->
  <testcase name="TestMethod" time="0.0" classname="com.alphasense.Testautomation.tests.Test_PageLogin">
    <skipped/>
  </testcase> <!-- TestMethod -->
</testsuite> <!-- Tests -->
