<?xml version="1.0" encoding="UTF-8"?>
<testng-results skipped="0" failed="1" ignored="0" total="1" passed="0">
  <reporter-output>
  </reporter-output>
  <suite name="Default suite" duration-ms="37288" started-at="2019-09-29T01:23:20Z" finished-at="2019-09-29T01:23:57Z">
    <groups>
    </groups>
    <test name="Default test" duration-ms="37288" started-at="2019-09-29T01:23:20Z" finished-at="2019-09-29T01:23:57Z">
      <class name="com.alphasense.Testautomation.tests.Test_PageCreateAnAccount">
        <test-method status="PASS" signature="beforeMethod()[pri:0, instance:com.alphasense.Testautomation.tests.Test_PageCreateAnAccount@a7e666]" name="beforeMethod" is-config="true" duration-ms="15260" started-at="2019-09-29T01:23:20Z" finished-at="2019-09-29T01:23:35Z">
          <reporter-output>
          </reporter-output>
        </test-method> <!-- beforeMethod -->
        <test-method status="FAIL" signature="TestMethod()[pri:0, instance:com.alphasense.Testautomation.tests.Test_PageCreateAnAccount@a7e666]" name="TestMethod" duration-ms="20482" started-at="2019-09-29T01:23:35Z" finished-at="2019-09-29T01:23:56Z">
          <exception class="java.lang.NullPointerException">
            <full-stacktrace>
              <![CDATA[java.lang.NullPointerException
at com.alphasense.Testautomation.pages.PageCreateAnAccount.button_LoginIn(PageCreateAnAccount.java:39)
at com.alphasense.Testautomation.pages.PageCreateAnAccount.createAccount(PageCreateAnAccount.java:415)
at com.alphasense.Testautomation.tests.Test_PageCreateAnAccount.TestMethod(Test_PageCreateAnAccount.java:58)
at sun.reflect.NativeMethodAccessorImpl.invoke0(Native Method)
at sun.reflect.NativeMethodAccessorImpl.invoke(Unknown Source)
at sun.reflect.DelegatingMethodAccessorImpl.invoke(Unknown Source)
at java.lang.reflect.Method.invoke(Unknown Source)
at org.testng.internal.MethodInvocationHelper.invokeMethod(MethodInvocationHelper.java:124)
at org.testng.internal.Invoker.invokeMethod(Invoker.java:583)
at org.testng.internal.Invoker.invokeTestMethod(Invoker.java:719)
at org.testng.internal.Invoker.invokeTestMethods(Invoker.java:989)
at org.testng.internal.TestMethodWorker.invokeTestMethods(TestMethodWorker.java:125)
at org.testng.internal.TestMethodWorker.run(TestMethodWorker.java:109)
at org.testng.TestRunner.privateRun(TestRunner.java:648)
at org.testng.TestRunner.run(TestRunner.java:505)
at org.testng.SuiteRunner.runTest(SuiteRunner.java:455)
at org.testng.SuiteRunner.runSequentially(SuiteRunner.java:450)
at org.testng.SuiteRunner.privateRun(SuiteRunner.java:415)
at org.testng.SuiteRunner.run(SuiteRunner.java:364)
at org.testng.SuiteRunnerWorker.runSuite(SuiteRunnerWorker.java:52)
at org.testng.SuiteRunnerWorker.run(SuiteRunnerWorker.java:84)
at org.testng.TestNG.runSuitesSequentially(TestNG.java:1208)
at org.testng.TestNG.runSuitesLocally(TestNG.java:1137)
at org.testng.TestNG.runSuites(TestNG.java:1049)
at org.testng.TestNG.run(TestNG.java:1017)
at org.testng.remote.AbstractRemoteTestNG.run(AbstractRemoteTestNG.java:115)
at org.testng.remote.RemoteTestNG.initAndRun(RemoteTestNG.java:251)
at org.testng.remote.RemoteTestNG.main(RemoteTestNG.java:77)
]]>
            </full-stacktrace>
          </exception> <!-- java.lang.NullPointerException -->
          <reporter-output>
          </reporter-output>
        </test-method> <!-- TestMethod -->
        <test-method status="PASS" signature="TearDown()[pri:0, instance:com.alphasense.Testautomation.tests.Test_PageCreateAnAccount@a7e666]" name="TearDown" is-config="true" duration-ms="1445" started-at="2019-09-29T01:23:56Z" finished-at="2019-09-29T01:23:57Z">
          <reporter-output>
          </reporter-output>
        </test-method> <!-- TearDown -->
      </class> <!-- com.alphasense.Testautomation.tests.Test_PageCreateAnAccount -->
    </test> <!-- Default test -->
  </suite> <!-- Default suite -->
</testng-results>
